2022-10-08 16:51:15,904 [INFO] Activator:177 - 


2022-10-08 16:51:15,906 [INFO] Activator:178 - !SESSION log4j initialized
2022-10-08 16:51:32,536 [INFO] McuFinderGlobals:39 - Set McuFinder mode to 2 (CubeIDE integrated)
2022-10-08 16:51:32,929 [INFO] ApplicationProperties:181 - Using Application install path: C:\ST\STM32CubeIDE_1.7.0\STM32CubeIDE\plugins\com.st.stm32cube.common.mx_6.3.0.202107141111
2022-10-08 16:51:32,944 [INFO] DbMcusXml:74 - Set database path to: C:\ST\STM32CubeIDE_1.7.0\STM32CubeIDE\plugins\com.st.stm32cube.common.mx_6.3.0.202107141111\\db\/mcu/
2022-10-08 16:51:32,949 [INFO] DbBoardsPdsc:56 - Set plugin database path to: C:\ST\STM32CubeIDE_1.7.0\STM32CubeIDE\plugins\com.st.stm32cube.common.mx_6.3.0.202107141111\\db\/plugins/boardmanager/
2022-10-08 16:51:32,950 [INFO] DbMcus:258 - Set plugin images path to: C:\ST\STM32CubeIDE_1.7.0\STM32CubeIDE\plugins\com.st.stm32cube.common.mx_6.3.0.202107141111\\db\/plugins/mcufinder/images/
2022-10-08 16:51:32,950 [INFO] DbBoards:264 - Set plugin images path to: C:\ST\STM32CubeIDE_1.7.0\STM32CubeIDE\plugins\com.st.stm32cube.common.mx_6.3.0.202107141111\\db\/plugins/mcufinder/images/
2022-10-08 16:51:32,953 [INFO] DbExamples:333 - Set plugin images path to: C:\ST\STM32CubeIDE_1.7.0\STM32CubeIDE\plugins\com.st.stm32cube.common.mx_6.3.0.202107141111\\db\/plugins/mcufinder/images/
2022-10-08 16:51:32,974 [INFO] DbMcusAds:119 - Set database path to: C:\Users\Hong Phat\.stmcufinder\plugins\mcufinder//mcu/
2022-10-08 16:51:32,976 [INFO] DbMcusDocs:110 - Set database path to: C:\Users\Hong Phat\.stmcufinder\plugins\mcufinder//mcu/
2022-10-08 16:51:32,978 [INFO] DbMcusJson:64 - Set database path to: C:\Users\Hong Phat\.stmcufinder\plugins\mcufinder//mcu/
2022-10-08 16:51:32,979 [INFO] DbBoardsDocs:110 - Set database path to: C:\Users\Hong Phat\.stmcufinder\plugins\mcufinder//mcu/
2022-10-08 16:51:32,980 [INFO] DbBoardsJson:57 - Set database path to: C:\Users\Hong Phat\.stmcufinder\plugins\mcufinder//mcu/
2022-10-08 16:51:33,022 [INFO] CrossReferenceDbSqlite:196 - Set database path to: C:\Users\Hong Phat\.stmcufinder\plugins\mcufinder//mcu/cs/
2022-10-08 16:51:33,025 [INFO] DbExamplesSqlite:767 - Set database path to: C:\Users\Hong Phat\.stmcufinder\plugins\mcufinder//mcu/
2022-10-08 16:51:33,130 [INFO] RulesReader:57 - Compatibility file has been processed (242 Rules)
2022-10-08 16:51:33,283 [INFO] DbMcusXml:74 - Set database path to: C:\ST\STM32CubeIDE_1.7.0\STM32CubeIDE\plugins\com.st.stm32cube.common.mx_6.3.0.202107141111\\db\/mcu/
2022-10-08 16:51:33,284 [INFO] DbBoardsPdsc:56 - Set plugin database path to: C:\ST\STM32CubeIDE_1.7.0\STM32CubeIDE\plugins\com.st.stm32cube.common.mx_6.3.0.202107141111\\db\/plugins/boardmanager/
2022-10-08 16:51:33,284 [INFO] DbMcus:258 - Set plugin images path to: C:\ST\STM32CubeIDE_1.7.0\STM32CubeIDE\plugins\com.st.stm32cube.common.mx_6.3.0.202107141111\\db\/plugins/mcufinder/images/
2022-10-08 16:51:33,284 [INFO] DbBoards:264 - Set plugin images path to: C:\ST\STM32CubeIDE_1.7.0\STM32CubeIDE\plugins\com.st.stm32cube.common.mx_6.3.0.202107141111\\db\/plugins/mcufinder/images/
2022-10-08 16:51:33,285 [INFO] DbExamples:333 - Set plugin images path to: C:\ST\STM32CubeIDE_1.7.0\STM32CubeIDE\plugins\com.st.stm32cube.common.mx_6.3.0.202107141111\\db\/plugins/mcufinder/images/
2022-10-08 16:51:33,285 [WARN] DbFile:35 - Overriding database path with different value: C:\Users\Hong Phat\.stmcufinder\plugins\mcufinder/ => C:\Users\Hong Phat\.stmcufinder\plugins\mcufinder
2022-10-08 16:51:33,285 [INFO] DbMcusAds:119 - Set database path to: C:\Users\Hong Phat\.stmcufinder\plugins\mcufinder//mcu/
2022-10-08 16:51:33,285 [WARN] DbFile:35 - Overriding database path with different value: C:\Users\Hong Phat\.stmcufinder\plugins\mcufinder/ => C:\Users\Hong Phat\.stmcufinder\plugins\mcufinder
2022-10-08 16:51:33,285 [INFO] DbMcusDocs:110 - Set database path to: C:\Users\Hong Phat\.stmcufinder\plugins\mcufinder//mcu/
2022-10-08 16:51:33,285 [WARN] DbFile:35 - Overriding database path with different value: C:\Users\Hong Phat\.stmcufinder\plugins\mcufinder/ => C:\Users\Hong Phat\.stmcufinder\plugins\mcufinder
2022-10-08 16:51:33,285 [INFO] DbMcusJson:64 - Set database path to: C:\Users\Hong Phat\.stmcufinder\plugins\mcufinder//mcu/
2022-10-08 16:51:33,286 [WARN] DbFile:35 - Overriding database path with different value: C:\Users\Hong Phat\.stmcufinder\plugins\mcufinder/ => C:\Users\Hong Phat\.stmcufinder\plugins\mcufinder
2022-10-08 16:51:33,286 [INFO] DbBoardsDocs:110 - Set database path to: C:\Users\Hong Phat\.stmcufinder\plugins\mcufinder//mcu/
2022-10-08 16:51:33,286 [WARN] DbFile:35 - Overriding database path with different value: C:\Users\Hong Phat\.stmcufinder\plugins\mcufinder/ => C:\Users\Hong Phat\.stmcufinder\plugins\mcufinder
2022-10-08 16:51:33,286 [INFO] DbBoardsJson:57 - Set database path to: C:\Users\Hong Phat\.stmcufinder\plugins\mcufinder//mcu/
2022-10-08 16:51:33,286 [WARN] DbFile:35 - Overriding database path with different value: C:\Users\Hong Phat\.stmcufinder\plugins\mcufinder/ => C:\Users\Hong Phat\.stmcufinder\plugins\mcufinder
2022-10-08 16:51:33,286 [WARN] DbFile:35 - Overriding database path with different value: C:\Users\Hong Phat\.stmcufinder\plugins\mcufinder/ => C:\Users\Hong Phat\.stmcufinder\plugins\mcufinder
2022-10-08 16:51:33,286 [INFO] CrossReferenceDbSqlite:196 - Set database path to: C:\Users\Hong Phat\.stmcufinder\plugins\mcufinder//mcu/cs/
2022-10-08 16:51:33,286 [WARN] DbFile:35 - Overriding database path with different value: C:\Users\Hong Phat\.stmcufinder\plugins\mcufinder/ => C:\Users\Hong Phat\.stmcufinder\plugins\mcufinder
2022-10-08 16:51:33,287 [INFO] DbExamplesSqlite:767 - Set database path to: C:\Users\Hong Phat\.stmcufinder\plugins\mcufinder//mcu/
2022-10-08 16:51:33,396 [INFO] MainPanel:214 - HeapMemory: 268435456
2022-10-08 16:51:33,500 [INFO] DbMcusXml:74 - Set database path to: C:\ST\STM32CubeIDE_1.7.0\STM32CubeIDE\plugins\com.st.stm32cube.common.mx_6.3.0.202107141111\\db\/mcu/
2022-10-08 16:51:33,500 [INFO] DbBoardsPdsc:56 - Set plugin database path to: C:\ST\STM32CubeIDE_1.7.0\STM32CubeIDE\plugins\com.st.stm32cube.common.mx_6.3.0.202107141111\\db\/plugins/boardmanager/
2022-10-08 16:51:33,500 [INFO] DbMcus:258 - Set plugin images path to: C:\ST\STM32CubeIDE_1.7.0\STM32CubeIDE\plugins\com.st.stm32cube.common.mx_6.3.0.202107141111\\db\/plugins/mcufinder/images/
2022-10-08 16:51:33,500 [INFO] DbBoards:264 - Set plugin images path to: C:\ST\STM32CubeIDE_1.7.0\STM32CubeIDE\plugins\com.st.stm32cube.common.mx_6.3.0.202107141111\\db\/plugins/mcufinder/images/
2022-10-08 16:51:33,501 [INFO] DbExamples:333 - Set plugin images path to: C:\ST\STM32CubeIDE_1.7.0\STM32CubeIDE\plugins\com.st.stm32cube.common.mx_6.3.0.202107141111\\db\/plugins/mcufinder/images/
2022-10-08 16:51:33,501 [WARN] DbFile:35 - Overriding database path with different value: C:\Users\Hong Phat\.stmcufinder\plugins\mcufinder/ => C:\Users\Hong Phat\.stmcufinder\plugins\mcufinder
2022-10-08 16:51:33,501 [INFO] DbMcusAds:119 - Set database path to: C:\Users\Hong Phat\.stmcufinder\plugins\mcufinder//mcu/
2022-10-08 16:51:33,501 [WARN] DbFile:35 - Overriding database path with different value: C:\Users\Hong Phat\.stmcufinder\plugins\mcufinder/ => C:\Users\Hong Phat\.stmcufinder\plugins\mcufinder
2022-10-08 16:51:33,502 [INFO] DbMcusDocs:110 - Set database path to: C:\Users\Hong Phat\.stmcufinder\plugins\mcufinder//mcu/
2022-10-08 16:51:33,502 [WARN] DbFile:35 - Overriding database path with different value: C:\Users\Hong Phat\.stmcufinder\plugins\mcufinder/ => C:\Users\Hong Phat\.stmcufinder\plugins\mcufinder
2022-10-08 16:51:33,502 [INFO] DbMcusJson:64 - Set database path to: C:\Users\Hong Phat\.stmcufinder\plugins\mcufinder//mcu/
2022-10-08 16:51:33,502 [WARN] DbFile:35 - Overriding database path with different value: C:\Users\Hong Phat\.stmcufinder\plugins\mcufinder/ => C:\Users\Hong Phat\.stmcufinder\plugins\mcufinder
2022-10-08 16:51:33,502 [INFO] DbBoardsDocs:110 - Set database path to: C:\Users\Hong Phat\.stmcufinder\plugins\mcufinder//mcu/
2022-10-08 16:51:33,502 [WARN] DbFile:35 - Overriding database path with different value: C:\Users\Hong Phat\.stmcufinder\plugins\mcufinder/ => C:\Users\Hong Phat\.stmcufinder\plugins\mcufinder
2022-10-08 16:51:33,502 [INFO] DbBoardsJson:57 - Set database path to: C:\Users\Hong Phat\.stmcufinder\plugins\mcufinder//mcu/
2022-10-08 16:51:33,502 [WARN] DbFile:35 - Overriding database path with different value: C:\Users\Hong Phat\.stmcufinder\plugins\mcufinder/ => C:\Users\Hong Phat\.stmcufinder\plugins\mcufinder
2022-10-08 16:51:33,502 [WARN] DbFile:35 - Overriding database path with different value: C:\Users\Hong Phat\.stmcufinder\plugins\mcufinder/ => C:\Users\Hong Phat\.stmcufinder\plugins\mcufinder
2022-10-08 16:51:33,502 [INFO] CrossReferenceDbSqlite:196 - Set database path to: C:\Users\Hong Phat\.stmcufinder\plugins\mcufinder//mcu/cs/
2022-10-08 16:51:33,503 [WARN] DbFile:35 - Overriding database path with different value: C:\Users\Hong Phat\.stmcufinder\plugins\mcufinder/ => C:\Users\Hong Phat\.stmcufinder\plugins\mcufinder
2022-10-08 16:51:33,503 [INFO] DbExamplesSqlite:767 - Set database path to: C:\Users\Hong Phat\.stmcufinder\plugins\mcufinder//mcu/
2022-10-08 16:51:33,524 [INFO] ApplicationProperties:181 - Using Application install path: C:\ST\STM32CubeIDE_1.7.0\STM32CubeIDE\plugins\com.st.stm32cube.common.mx_6.3.0.202107141111
2022-10-08 16:51:33,526 [INFO] PluginManage:188 - Search for loadable plugins [exclusion list=, ]
2022-10-08 16:51:33,526 [INFO] PluginManage:302 - Check plugin analytics
2022-10-08 16:51:38,283 [INFO] AnalyticsPlugin:257 - Accepted Software Licenses: 
2022-10-08 16:51:38,284 [INFO] AnalyticsPlugin:259 - Accepted CMSIS Pack Licenses: 
2022-10-08 16:51:38,284 [INFO] AnalyticsPlugin:261 - Accepted Firmware Licenses: 
2022-10-08 16:51:38,285 [INFO] PluginManage:352 - Loaded plugin analytics (category:tool,tabindex:-1)
2022-10-08 16:51:38,285 [INFO] PluginManage:302 - Check plugin clock
2022-10-08 16:51:38,312 [INFO] PluginManage:352 - Loaded plugin clock (category:base,tabindex:2)
2022-10-08 16:51:38,312 [INFO] PluginManage:302 - Check plugin ddr
2022-10-08 16:51:38,317 [INFO] PluginManage:352 - Loaded plugin ddr (category:tool,tabindex:6)
2022-10-08 16:51:38,317 [INFO] PluginManage:302 - Check plugin filemanager
2022-10-08 16:51:38,515 [INFO] PluginManage:352 - Loaded plugin filemanager (category:base,tabindex:10)
2022-10-08 16:51:38,516 [INFO] PluginManage:302 - Check plugin ipmanager
2022-10-08 16:51:38,533 [INFO] PluginManage:352 - Loaded plugin ipmanager (category:base,tabindex:5)
2022-10-08 16:51:38,533 [INFO] PluginManage:302 - Check plugin pinoutandconfiguration
2022-10-08 16:51:38,551 [INFO] PluginManage:352 - Loaded plugin pinoutandconfiguration (category:base,tabindex:1)
2022-10-08 16:51:38,552 [INFO] PluginManage:302 - Check plugin pinoutconfig
2022-10-08 16:51:38,606 [INFO] PluginManage:352 - Loaded plugin pinoutconfig (category:base,tabindex:0)
2022-10-08 16:51:38,607 [INFO] PluginManage:302 - Check plugin power
2022-10-08 16:51:38,631 [INFO] PluginManage:352 - Loaded plugin power (category:power,tabindex:4)
2022-10-08 16:51:38,631 [INFO] PluginManage:302 - Check plugin projectmanager
2022-10-08 16:51:38,648 [INFO] PluginManage:352 - Loaded plugin projectmanager (category:projectmanager,tabindex:3)
2022-10-08 16:51:38,648 [INFO] PluginManage:302 - Check plugin thirdparty
2022-10-08 16:51:38,923 [INFO] PluginManage:352 - Loaded plugin thirdparty (category:base,tabindex:-1)
2022-10-08 16:51:38,923 [INFO] PluginManage:302 - Check plugin tools
2022-10-08 16:51:38,931 [WARN] IntegrityCheckThread:78 - waiting for thirdparty lock release [integrity check]
2022-10-08 16:51:38,932 [INFO] IntegrityCheckThread:80 - entering critical section [integrity check]
2022-10-08 16:51:38,932 [INFO] ThirdPartyUpdaterWithRetryManager:66 - Updater plugin not ready yet. [1/15]
2022-10-08 16:51:38,978 [INFO] PluginManage:352 - Loaded plugin tools (category:base,tabindex:7)
2022-10-08 16:51:38,978 [INFO] PluginManage:302 - Check plugin tutovideos
2022-10-08 16:51:39,272 [INFO] PluginManage:352 - Loaded plugin tutovideos (category:base,tabindex:-1)
2022-10-08 16:51:39,272 [INFO] PluginManage:302 - Check plugin updater
2022-10-08 16:51:39,294 [INFO] PluginManage:352 - Loaded plugin updater (category:base,tabindex:12)
2022-10-08 16:51:39,296 [INFO] PluginManage:275 - PluginManage : Loaded plugins [13]
2022-10-08 16:51:39,736 [INFO] PinOutPanel:1463 - setPackage(No Configuration,No Configuration)
2022-10-08 16:51:39,898 [INFO] IPUIPlugin:74 - create IPUIPlugin
2022-10-08 16:51:39,899 [INFO] PluginManager:213 - loadIPPluginJar : add adc
2022-10-08 16:51:39,934 [INFO] IPUIPlugin:74 - create IPUIPlugin
2022-10-08 16:51:39,934 [INFO] PluginManager:213 - loadIPPluginJar : add aes
2022-10-08 16:51:39,978 [INFO] IPUIPlugin:74 - create IPUIPlugin
2022-10-08 16:51:39,979 [INFO] PluginManager:213 - loadIPPluginJar : add can
2022-10-08 16:51:40,001 [INFO] IPUIPlugin:74 - create IPUIPlugin
2022-10-08 16:51:40,002 [INFO] PluginManager:213 - loadIPPluginJar : add comp
2022-10-08 16:51:40,028 [INFO] IPUIPlugin:74 - create IPUIPlugin
2022-10-08 16:51:40,028 [INFO] PluginManager:213 - loadIPPluginJar : add cryp
2022-10-08 16:51:40,056 [INFO] IPUIPlugin:74 - create IPUIPlugin
2022-10-08 16:51:40,056 [INFO] PluginManager:213 - loadIPPluginJar : add dfsdm
2022-10-08 16:51:40,068 [INFO] IPUIPlugin:74 - create IPUIPlugin
2022-10-08 16:51:40,069 [INFO] PluginManager:213 - loadIPPluginJar : add dma
2022-10-08 16:51:40,106 [INFO] IPUIPlugin:74 - create IPUIPlugin
2022-10-08 16:51:40,106 [INFO] PluginManager:213 - loadIPPluginJar : add dma3
2022-10-08 16:51:40,127 [INFO] IPUIPlugin:74 - create IPUIPlugin
2022-10-08 16:51:40,127 [INFO] PluginManager:213 - loadIPPluginJar : add fatfs
2022-10-08 16:51:40,180 [INFO] IPUIPlugin:74 - create IPUIPlugin
2022-10-08 16:51:40,180 [INFO] PluginManager:213 - loadIPPluginJar : add fmc
2022-10-08 16:51:40,195 [INFO] IPUIPlugin:74 - create IPUIPlugin
2022-10-08 16:51:40,196 [INFO] PluginManager:213 - loadIPPluginJar : add freertos
2022-10-08 16:51:40,227 [INFO] IPUIPlugin:74 - create IPUIPlugin
2022-10-08 16:51:40,227 [INFO] PluginManager:213 - loadIPPluginJar : add genericplugin
2022-10-08 16:51:40,333 [INFO] IPUIPlugin:74 - create IPUIPlugin
2022-10-08 16:51:40,333 [INFO] PluginManager:213 - loadIPPluginJar : add gfxmmu
2022-10-08 16:51:40,513 [INFO] IPUIPlugin:74 - create IPUIPlugin
2022-10-08 16:51:40,514 [INFO] PluginManager:213 - loadIPPluginJar : add gic
2022-10-08 16:51:40,578 [INFO] IPUIPlugin:74 - create IPUIPlugin
2022-10-08 16:51:40,579 [INFO] PluginManager:213 - loadIPPluginJar : add gpio
2022-10-08 16:51:40,724 [INFO] IPUIPlugin:74 - create IPUIPlugin
2022-10-08 16:51:40,725 [INFO] PluginManager:213 - loadIPPluginJar : add gtzc
2022-10-08 16:51:40,780 [INFO] IPUIPlugin:74 - create IPUIPlugin
2022-10-08 16:51:40,781 [INFO] PluginManager:213 - loadIPPluginJar : add hash
2022-10-08 16:51:40,853 [INFO] IPUIPlugin:74 - create IPUIPlugin
2022-10-08 16:51:40,853 [INFO] PluginManager:213 - loadIPPluginJar : add i2c
2022-10-08 16:51:40,898 [INFO] IPUIPlugin:74 - create IPUIPlugin
2022-10-08 16:51:40,898 [INFO] PluginManager:213 - loadIPPluginJar : add i2s
2022-10-08 16:51:40,908 [INFO] IPUIPlugin:74 - create IPUIPlugin
2022-10-08 16:51:40,908 [INFO] PluginManager:213 - loadIPPluginJar : add ipddr
2022-10-08 16:51:40,983 [INFO] IPUIPlugin:74 - create IPUIPlugin
2022-10-08 16:51:40,983 [INFO] PluginManager:213 - loadIPPluginJar : add linkedlist
2022-10-08 16:51:41,022 [INFO] IPUIPlugin:74 - create IPUIPlugin
2022-10-08 16:51:41,023 [INFO] PluginManager:213 - loadIPPluginJar : add lorawan
2022-10-08 16:51:41,052 [INFO] IPUIPlugin:74 - create IPUIPlugin
2022-10-08 16:51:41,052 [INFO] PluginManager:213 - loadIPPluginJar : add ltdc
2022-10-08 16:51:41,063 [INFO] IPUIPlugin:74 - create IPUIPlugin
2022-10-08 16:51:41,063 [INFO] PluginManager:213 - loadIPPluginJar : add mdma
2022-10-08 16:51:41,076 [INFO] IPUIPlugin:74 - create IPUIPlugin
2022-10-08 16:51:41,076 [INFO] PluginManager:213 - loadIPPluginJar : add nvic
2022-10-08 16:51:41,111 [INFO] IPUIPlugin:74 - create IPUIPlugin
2022-10-08 16:51:41,111 [INFO] PluginManager:213 - loadIPPluginJar : add opamp
2022-10-08 16:51:41,167 [INFO] IPUIPlugin:74 - create IPUIPlugin
2022-10-08 16:51:41,168 [INFO] PluginManager:213 - loadIPPluginJar : add openamp
2022-10-08 16:51:41,227 [INFO] IPUIPlugin:74 - create IPUIPlugin
2022-10-08 16:51:41,228 [INFO] PluginManager:213 - loadIPPluginJar : add pdm2pcm
2022-10-08 16:51:41,247 [INFO] IPUIPlugin:74 - create IPUIPlugin
2022-10-08 16:51:41,252 [INFO] PluginManager:213 - loadIPPluginJar : add plateformsettings
2022-10-08 16:51:41,284 [INFO] IPUIPlugin:74 - create IPUIPlugin
2022-10-08 16:51:41,284 [INFO] PluginManager:213 - loadIPPluginJar : add quadspi
2022-10-08 16:51:41,299 [INFO] IPUIPlugin:74 - create IPUIPlugin
2022-10-08 16:51:41,299 [INFO] PluginManager:213 - loadIPPluginJar : add resmgrutility
2022-10-08 16:51:41,364 [INFO] IPUIPlugin:74 - create IPUIPlugin
2022-10-08 16:51:41,365 [INFO] PluginManager:213 - loadIPPluginJar : add sai
2022-10-08 16:51:41,420 [INFO] IPUIPlugin:74 - create IPUIPlugin
2022-10-08 16:51:41,421 [INFO] PluginManager:213 - loadIPPluginJar : add spi
2022-10-08 16:51:41,501 [INFO] IPUIPlugin:74 - create IPUIPlugin
2022-10-08 16:51:41,501 [INFO] PluginManager:213 - loadIPPluginJar : add stm32_wpan
2022-10-08 16:51:41,537 [INFO] IPUIPlugin:74 - create IPUIPlugin
2022-10-08 16:51:41,537 [INFO] PluginManager:213 - loadIPPluginJar : add tim
2022-10-08 16:51:41,597 [INFO] IPUIPlugin:74 - create IPUIPlugin
2022-10-08 16:51:41,597 [INFO] PluginManager:213 - loadIPPluginJar : add touchsensing
2022-10-08 16:51:41,625 [INFO] IPUIPlugin:74 - create IPUIPlugin
2022-10-08 16:51:41,626 [INFO] PluginManager:213 - loadIPPluginJar : add tracer_emb
2022-10-08 16:51:41,652 [INFO] IPUIPlugin:74 - create IPUIPlugin
2022-10-08 16:51:41,653 [INFO] PluginManager:213 - loadIPPluginJar : add ts
2022-10-08 16:51:41,680 [INFO] IPUIPlugin:74 - create IPUIPlugin
2022-10-08 16:51:41,680 [INFO] PluginManager:213 - loadIPPluginJar : add tsc
2022-10-08 16:51:41,708 [INFO] IPUIPlugin:74 - create IPUIPlugin
2022-10-08 16:51:41,708 [INFO] PluginManager:213 - loadIPPluginJar : add ucpd
2022-10-08 16:51:41,756 [INFO] IPUIPlugin:74 - create IPUIPlugin
2022-10-08 16:51:41,756 [INFO] PluginManager:213 - loadIPPluginJar : add usart
2022-10-08 16:51:41,792 [INFO] IPUIPlugin:74 - create IPUIPlugin
2022-10-08 16:51:41,792 [INFO] PluginManager:213 - loadIPPluginJar : add usbx
2022-10-08 16:51:41,934 [INFO] ThirdPartyUpdaterWithRetryManager:66 - Updater plugin not ready yet. [2/15]
2022-10-08 16:51:42,187 [FATAL] Updater:294 - Updater called before beeing initialized
2022-10-08 16:51:42,321 [FATAL] Updater:294 - Updater called before beeing initialized
2022-10-08 16:51:42,329 [INFO] DbMcusAds:47 - JSON generation date=Thu Sep 30 13:55:09 ICT 2021 (1632984909247)
2022-10-08 16:51:42,330 [FATAL] Updater:294 - Updater called before beeing initialized
2022-10-08 16:51:42,391 [WARN] DetailPanel:314 - Failed to get advertising image, set to default
2022-10-08 16:51:42,606 [FATAL] Updater:294 - Updater called before beeing initialized
2022-10-08 16:51:42,610 [FATAL] Updater:294 - Updater called before beeing initialized
2022-10-08 16:51:42,611 [FATAL] Updater:294 - Updater called before beeing initialized
2022-10-08 16:51:42,611 [WARN] DetailPanel:314 - Failed to get advertising image, set to default
2022-10-08 16:51:42,613 [FATAL] Updater:294 - Updater called before beeing initialized
2022-10-08 16:51:42,694 [ERROR] Updater:1075 - MainUpdater not yet initialized. External WinMGr cannot be set.
2022-10-08 16:51:42,710 [INFO] Updater:1012 - Updater Version found : 6.3.0
2022-10-08 16:51:42,745 [INFO] ApplicationProperties:181 - Using Application install path: C:\ST\STM32CubeIDE_1.7.0\STM32CubeIDE\plugins\com.st.stm32cube.common.mx_6.3.0.202107141111
2022-10-08 16:51:43,123 [INFO] MainUpdater:2671 - connection check result : 10
2022-10-08 16:51:43,126 [INFO] MainUpdater:265 - Updater Check For Update Now.
2022-10-08 16:51:43,126 [INFO] MicroXplorer:478 - Change Database Version : DB.6.0.30
2022-10-08 16:51:43,423 [INFO] CheckServerUpdateThread:112 - End of CheckServer Thread
2022-10-08 16:51:43,447 [INFO] MainUpdater:2671 - connection check result : 10
2022-10-08 16:51:43,490 [INFO] McuFinderGlobals:52 - Set McuFinderConnectedMode to true
2022-10-08 16:51:43,645 [INFO] ServerAccessManage:362 - Download File mcusAds.json._tmp_
2022-10-08 16:51:43,764 [INFO] LoadUrlFilesThread:145 - End of LoadUrlFiles Thread
2022-10-08 16:51:44,560 [INFO] ServerAccessManage:362 - Download File mcusDocs.json._tmp_
2022-10-08 16:51:44,934 [WARN] MainUpdater:1122 - Updater busy. Cannot search thirdparties
2022-10-08 16:51:44,934 [INFO] ThirdPartyUpdaterWithRetryManager:92 - Updater plugin is busy. [1/15]
2022-10-08 16:51:45,365 [INFO] LoadUrlFilesThread:145 - End of LoadUrlFiles Thread
2022-10-08 16:51:45,654 [INFO] ServerAccessManage:362 - Download File mcusFeaturesAndDescription.json._tmp_
2022-10-08 16:51:47,683 [INFO] LoadUrlFilesThread:145 - End of LoadUrlFiles Thread
2022-10-08 16:51:47,913 [INFO] ServerAccessManage:362 - Download File boardsDocs.json._tmp_
2022-10-08 16:51:47,943 [WARN] MainUpdater:1122 - Updater busy. Cannot search thirdparties
2022-10-08 16:51:47,943 [INFO] ThirdPartyUpdaterWithRetryManager:92 - Updater plugin is busy. [2/15]
2022-10-08 16:51:48,038 [INFO] LoadUrlFilesThread:145 - End of LoadUrlFiles Thread
2022-10-08 16:51:48,335 [INFO] ServerAccessManage:362 - Download File boards.json._tmp_
2022-10-08 16:51:48,619 [INFO] LoadUrlFilesThread:145 - End of LoadUrlFiles Thread
2022-10-08 16:51:50,367 [INFO] ServerAccessManage:362 - Download File cube-finder-db.zip
2022-10-08 16:51:50,944 [WARN] MainUpdater:1122 - Updater busy. Cannot search thirdparties
2022-10-08 16:51:50,944 [INFO] ThirdPartyUpdaterWithRetryManager:92 - Updater plugin is busy. [3/15]
2022-10-08 16:51:53,949 [WARN] MainUpdater:1122 - Updater busy. Cannot search thirdparties
2022-10-08 16:51:53,949 [INFO] ThirdPartyUpdaterWithRetryManager:92 - Updater plugin is busy. [4/15]
2022-10-08 16:51:54,147 [INFO] FileExtend:235 - Unzip File : cube-finder-db.zip
2022-10-08 16:51:54,147 [INFO] FileExtend:250 - Standard Zip Deflate
2022-10-08 16:51:55,040 [INFO] LoadUrlFilesThread:145 - End of LoadUrlFiles Thread
2022-10-08 16:51:56,475 [INFO] ServerAccessManage:362 - Download File crdb.zip
2022-10-08 16:51:56,956 [WARN] MainUpdater:1122 - Updater busy. Cannot search thirdparties
2022-10-08 16:51:56,956 [INFO] ThirdPartyUpdaterWithRetryManager:92 - Updater plugin is busy. [5/15]
2022-10-08 16:51:58,380 [INFO] FileExtend:235 - Unzip File : crdb.zip
2022-10-08 16:51:58,380 [INFO] FileExtend:250 - Standard Zip Deflate
2022-10-08 16:51:58,521 [INFO] LoadUrlFilesThread:145 - End of LoadUrlFiles Thread
2022-10-08 16:51:59,007 [INFO] ServerAccessManage:362 - Download File tutoVideoDB.zip
2022-10-08 16:51:59,142 [INFO] FileExtend:235 - Unzip File : tutoVideoDB.zip
2022-10-08 16:51:59,142 [INFO] FileExtend:250 - Standard Zip Deflate
2022-10-08 16:51:59,275 [INFO] LoadUrlFilesThread:145 - End of LoadUrlFiles Thread
2022-10-08 16:51:59,276 [INFO] DbMcusAds:47 - JSON generation date=Thu Sep 30 13:55:09 ICT 2021 (1632984909247)
2022-10-08 16:51:59,308 [INFO] DbMcusDocs:143 - JSON generation date=Tue Nov 16 23:17:54 ICT 2021 (1637079474)
2022-10-08 16:51:59,316 [INFO] DbMcusXml:100 - Load MCU database from C:\ST\STM32CubeIDE_1.7.0\STM32CubeIDE\plugins\com.st.stm32cube.common.mx_6.3.0.202107141111\\db\/mcu/families.xml
2022-10-08 16:52:00,956 [WARN] PackLoader:238 - Cannot read IP mode file for STMicroelectronics.X-CUBE-GNSS1.6.0.0
2022-10-08 16:52:01,053 [WARN] PackLoader:238 - Cannot read IP mode file for STMicroelectronics.X-CUBE-AZRTOS-F4.1.1.0
2022-10-08 16:52:01,169 [WARN] PackLoader:238 - Cannot read IP mode file for STMicroelectronics.X-CUBE-AZRTOS-F7.1.1.0
2022-10-08 16:52:01,211 [WARN] PackLoader:238 - Cannot read IP mode file for STMicroelectronics.X-CUBE-BLE1.6.2.3
2022-10-08 16:52:01,245 [WARN] PackLoader:238 - Cannot read IP mode file for STMicroelectronics.X-CUBE-NFC4.2.0.4
2022-10-08 16:52:01,337 [INFO] DbMcusJson:93 - JSON generation date=Tue Nov 16 23:17:54 ICT 2021 (1637079474)
2022-10-08 16:52:01,387 [WARN] PackLoader:238 - Cannot read IP mode file for STMicroelectronics.X-CUBE-TOF1.3.1.0
2022-10-08 16:52:01,431 [WARN] PackLoader:238 - Cannot read IP mode file for STMicroelectronics.X-CUBE-NFC7.1.0.0
2022-10-08 16:52:01,572 [WARN] PackLoader:238 - Cannot read IP mode file for STMicroelectronics.X-CUBE-MEMS1.9.3.0
2022-10-08 16:52:02,008 [WARN] PackLoader:238 - Cannot read IP mode file for STMicroelectronics.X-CUBE-AI.7.2.0
2022-10-08 16:52:02,028 [WARN] PackLoader:238 - Cannot read IP mode file for STMicroelectronics.X-CUBE-SFXS2LP1.4.0.0
2022-10-08 16:52:02,061 [WARN] PackLoader:238 - Cannot read IP mode file for STMicroelectronics.X-CUBE-BLE2.3.3.0
2022-10-08 16:52:02,189 [WARN] PackLoader:238 - Cannot read IP mode file for STMicroelectronics.X-CUBE-DISPLAY.2.2.0
2022-10-08 16:52:02,832 [WARN] PackLoader:238 - Cannot read IP mode file for STMicroelectronics.X-CUBE-ISPU.1.0.0
2022-10-08 16:52:02,875 [WARN] PackLoader:238 - Cannot read IP mode file for RoweBots.I-CUBE-UNISONRTOS.5.5.0-4
2022-10-08 16:52:02,977 [WARN] PackLoader:238 - Cannot read IP mode file for STMicroelectronics.X-CUBE-AZRTOS-H7.2.1.0
2022-10-08 16:52:03,028 [WARN] PackLoader:238 - Cannot read IP mode file for wolfSSL.I-CUBE-wolfSSL.5.4.0
2022-10-08 16:52:03,075 [WARN] PackLoader:238 - Cannot read IP mode file for STMicroelectronics.X-CUBE-BLEMGR.1.0.0
2022-10-08 16:52:03,129 [WARN] PackLoader:238 - Cannot read IP mode file for STMicroelectronics.X-CUBE-ALGOBUILD.1.3.0
2022-10-08 16:52:03,282 [WARN] PackLoader:238 - Cannot read IP mode file for STMicroelectronics.X-CUBE-AZRTOS-G0.1.1.0
2022-10-08 16:52:03,342 [WARN] PackLoader:238 - Cannot read IP mode file for STMicroelectronics.X-CUBE-SUBG2.5.0.0
2022-10-08 16:52:03,443 [WARN] PackLoader:238 - Cannot read IP mode file for SEGGER.I-CUBE-embOS.1.2.0
2022-10-08 16:52:03,597 [WARN] PackLoader:238 - Cannot read IP mode file for STMicroelectronics.FP-ATR-ASTRA1.1.1.1
2022-10-08 16:52:03,618 [WARN] PackLoader:238 - Cannot read IP mode file for STMicroelectronics.FP-ATR-ASTRA1.1.1.0
2022-10-08 16:52:03,681 [WARN] PackLoader:238 - Cannot read IP mode file for STMicroelectronics.X-CUBE-AZRTOS-G4.1.0.0
2022-10-08 16:52:04,000 [WARN] PackLoader:238 - Cannot read IP mode file for STMicroelectronics.X-CUBE-AZRTOS-L4.1.0.0
2022-10-08 16:52:04,313 [WARN] PackLoader:238 - Cannot read IP mode file for emotas.I-CUBE-CANOPEN.1.1.2
2022-10-08 16:52:04,432 [WARN] PackLoader:238 - Cannot read IP mode file for STMicroelectronics.X-CUBE-TOUCHGFX.4.20.0
2022-10-08 16:52:04,515 [INFO] DbMcus:175 - Found 1951 MCUs (1903 are supported by CubeMX, 1914 are visible in CubeMX)
2022-10-08 16:52:04,523 [INFO] ApiDb:251 - Load user favorites file C:\Users\Hong Phat/.stm32cubeide/favorites.mcus.txt: 0 item(s)
2022-10-08 16:52:04,524 [INFO] ApiDb:255 - User favorites MCUs=[]
2022-10-08 16:52:04,524 [INFO] DbMcus:187 - Set 0 / 0 favorites MCUs
2022-10-08 16:52:04,594 [WARN] PackLoader:238 - Cannot read IP mode file for STMicroelectronics.X-CUBE-AZRTOS-WL.1.0.0
2022-10-08 16:52:04,643 [WARN] PackLoader:238 - Cannot read IP mode file for portGmbH.I-Cube-SoM-uGOAL.1.1.0
2022-10-08 16:52:04,673 [WARN] PackLoader:238 - Cannot read IP mode file for STMicroelectronics.X-CUBE-ALS.1.0.1
2022-10-08 16:52:04,779 [WARN] PackLoader:238 - Cannot read IP mode file for STMicroelectronics.X-CUBE-AZRTOS-L5.1.0.0
2022-10-08 16:52:04,831 [WARN] PackLoader:238 - Cannot read IP mode file for STMicroelectronics.X-CUBE-EEPRMA1.3.1.1
2022-10-08 16:52:04,835 [INFO] ThirdParty:915 - Integrity check success = true
2022-10-08 16:52:04,837 [INFO] IntegrityCheckThread:94 - exiting critical section [integrity check]
2022-10-08 16:52:04,837 [INFO] IntegrityCheckThread:97 - End integrity checks thread
2022-10-08 16:52:06,056 [INFO] DbMcusDocs:79 - Found 682 MCUs documents
2022-10-08 16:52:06,059 [INFO] ApiDb:276 - Save user favorites file C:\Users\Hong Phat/.stm32cubeide/favorites.mcus.txt: 0 item(s)
2022-10-08 16:52:06,059 [INFO] ApiDb:280 - User favorites MCUs=[]
2022-10-08 16:52:06,059 [INFO] DbMcusXml:100 - Load MCU database from C:\ST\STM32CubeIDE_1.7.0\STM32CubeIDE\plugins\com.st.stm32cube.common.mx_6.3.0.202107141111\\db\/mcu/families.xml
2022-10-08 16:52:07,244 [INFO] DbMcusJson:93 - JSON generation date=Tue Nov 16 23:17:54 ICT 2021 (1637079474)
2022-10-08 16:52:08,038 [INFO] DbMcus:175 - Found 1951 MCUs (1903 are supported by CubeMX, 1914 are visible in CubeMX)
2022-10-08 16:52:08,038 [INFO] ApiDb:251 - Load user favorites file C:\Users\Hong Phat/.stm32cubeide/favorites.mcus.txt: 0 item(s)
2022-10-08 16:52:08,039 [INFO] ApiDb:255 - User favorites MCUs=[]
2022-10-08 16:52:08,039 [INFO] DbMcus:187 - Set 0 / 0 favorites MCUs
2022-10-08 16:52:08,048 [INFO] DbBoardsDocs:143 - JSON generation date=Tue Nov 16 23:17:54 ICT 2021 (1637079474)
2022-10-08 16:52:08,072 [INFO] DbBoardsPdsc:90 - Found 25 items
2022-10-08 16:52:08,082 [INFO] DbBoardsPdsc:90 - Found 9 items
2022-10-08 16:52:08,094 [INFO] DbBoardsPdsc:90 - Found 33 items
2022-10-08 16:52:08,118 [INFO] DbBoardsPdsc:90 - Found 1 items
2022-10-08 16:52:08,134 [INFO] DbBoardsPdsc:90 - Found 48 items
2022-10-08 16:52:08,150 [INFO] DbBoardsPdsc:90 - Found 43 items
2022-10-08 16:52:08,160 [INFO] DbBoardsPdsc:90 - Found 2 items
2022-10-08 16:52:08,176 [INFO] DbBoardsPdsc:90 - Found 5 items
2022-10-08 16:52:08,187 [WARN] DbBoardsPdsc:254 - Board STM32H7B3I-DK: unknown feature type=Audio, name=, username=Audio stereo codec with Headphone Amp (CS42L51-CNZ), n=1
2022-10-08 16:52:08,188 [WARN] DbBoardsPdsc:254 - Board STM32H735G-DK: unknown feature type=Audio, name=, username=Audio stereo codec with Headphone Amp (WM8994ECS/R), n=1
2022-10-08 16:52:08,191 [WARN] DbBoardsPdsc:254 - Board STM32H7B3I-EVAL: unknown feature type=Audio, name=, username=Multi-Channel Audio Codec (CS42L51-CNZ), n=1
2022-10-08 16:52:08,191 [WARN] DbBoardsPdsc:254 - Board STM32H7B3I-EVAL: unknown feature type=Meter, name=, username=Power-metering and Temperature-monitoring with sigma-delta modulators, n=1
2022-10-08 16:52:08,191 [WARN] DbBoardsPdsc:254 - Board STM32H7B3I-EVAL: unknown feature type=Motor, name=, username=Motor Control, n=1
2022-10-08 16:52:08,192 [WARN] DbBoardsPdsc:254 - Board STM32U575I-EV: unknown feature type=joystick, name=, username=4-direction joystick with selection button, n=1
2022-10-08 16:52:08,220 [INFO] DbBoardsJson:86 - JSON generation date=Tue Nov 16 23:17:54 ICT 2021 (1637079474)
2022-10-08 16:52:08,229 [INFO] DbBoards:117 - Found 167 boards (163 are supported by CubeMX)
2022-10-08 16:52:08,232 [INFO] DbBoardsDocs:143 - JSON generation date=Tue Nov 16 23:17:54 ICT 2021 (1637079474)
2022-10-08 16:52:08,237 [INFO] DbBoardsDocs:79 - Found 209 boards documents
2022-10-08 16:52:08,241 [WARN] DbBoards:127 - board B-L475E-IOT01A2 has no document id list !
2022-10-08 16:52:08,242 [WARN] DbBoards:127 - board NUCLEO-H743ZI has no document id list !
2022-10-08 16:52:08,243 [WARN] DbBoards:127 - board NUCLEO-WL55JC2 has no document id list !
2022-10-08 16:52:08,243 [WARN] DbBoards:127 - board P-NUCLEO-WB55-Nucleo has no document id list !
2022-10-08 16:52:08,243 [WARN] DbBoards:127 - board P-NUCLEO-WB55-USBDongle has no document id list !
2022-10-08 16:52:08,243 [WARN] DbBoards:127 - board STEVAL-BFA001V1B has no document id list !
2022-10-08 16:52:08,244 [WARN] DbBoards:127 - board STEVAL-BFA001V2B has no document id list !
2022-10-08 16:52:08,244 [WARN] DbBoards:127 - board STEVAL-IDP005V1 has no document id list !
2022-10-08 16:52:08,244 [WARN] DbBoards:127 - board STEVAL-IDP005V2 has no document id list !
2022-10-08 16:52:08,244 [WARN] DbBoards:127 - board STEVAL-MKSBOX1V1 has no document id list !
2022-10-08 16:52:08,244 [WARN] DbBoards:127 - board STEVAL-STWINKT1 has no document id list !
2022-10-08 16:52:08,244 [WARN] DbBoards:127 - board STEVAL-STWINKT1B has no document id list !
2022-10-08 16:52:08,244 [WARN] DbBoards:127 - board STM32439I-EVAL2 has no document id list !
2022-10-08 16:52:08,245 [WARN] DbBoards:127 - board STM32F401C-DISCO has no document id list !
2022-10-08 16:52:08,245 [WARN] DbBoards:127 - board STM32F769I-DISC1 has no document id list !
2022-10-08 16:52:08,245 [WARN] DbBoards:127 - board STM32G474E-EVAL1 has no document id list !
2022-10-08 16:52:08,246 [WARN] DbBoards:127 - board STM32H743I-EVAL2 has no document id list !
2022-10-08 16:52:08,246 [WARN] DbBoards:127 - board STM32H747I-DISC1 has no document id list !
2022-10-08 16:52:08,246 [WARN] DbBoards:127 - board STM32H753I-EVAL2 has no document id list !
2022-10-08 16:52:08,247 [WARN] DbBoards:127 - board STM32L-DISCOVERY has no document id list !
2022-10-08 16:52:08,452 [ERROR] DbBoards:189 - Image file not found for board B-U585I-IOT02A: C:\ST\STM32CubeIDE_1.7.0\STM32CubeIDE\plugins\com.st.stm32cube.common.mx_6.3.0.202107141111\\db\/plugins/mcufinder/images/boards/B-U585I-IOT02A_small.jpg
2022-10-08 16:52:08,587 [ERROR] DbBoards:189 - Image file not found for board NUCLEO-F413ZH: C:\ST\STM32CubeIDE_1.7.0\STM32CubeIDE\plugins\com.st.stm32cube.common.mx_6.3.0.202107141111\\db\/plugins/mcufinder/images/boards/nucleo-f413zh_small.jpg
2022-10-08 16:52:08,862 [ERROR] DbBoards:189 - Image file not found for board NUCLEO-L552ZE-Q: C:\ST\STM32CubeIDE_1.7.0\STM32CubeIDE\plugins\com.st.stm32cube.common.mx_6.3.0.202107141111\\db\/plugins/mcufinder/images/boards/nucleo_l552ze_q_small.jpg
2022-10-08 16:52:08,862 [ERROR] DbBoards:189 - Image file not found for board NUCLEO-U575ZI-Q: C:\ST\STM32CubeIDE_1.7.0\STM32CubeIDE\plugins\com.st.stm32cube.common.mx_6.3.0.202107141111\\db\/plugins/mcufinder/images/boards/nucleo-u575zi-q_small.jpg
2022-10-08 16:52:08,862 [ERROR] DbBoards:189 - Image file not found for board NUCLEO-WB15CC: C:\ST\STM32CubeIDE_1.7.0\STM32CubeIDE\plugins\com.st.stm32cube.common.mx_6.3.0.202107141111\\db\/plugins/mcufinder/images/boards/nucleo-wb15cc_small.jpg
2022-10-08 16:52:08,863 [ERROR] DbBoards:189 - Image file not found for board NUCLEO-WB55RG: C:\ST\STM32CubeIDE_1.7.0\STM32CubeIDE\plugins\com.st.stm32cube.common.mx_6.3.0.202107141111\\db\/plugins/mcufinder/images/boards/nucleo-wb55rg_small.jpg
2022-10-08 16:52:10,916 [INFO] ApiDb:251 - Load user favorites file C:\Users\Hong Phat/.stm32cubeide/favorites.boards.txt: 0 item(s)
2022-10-08 16:52:10,916 [INFO] ApiDb:255 - User favorites Boards=[]
2022-10-08 16:52:10,916 [INFO] DbBoards:206 - Set 0 / 0 favorites Boards
2022-10-08 16:52:10,921 [INFO] DbBoardsDocs:79 - Found 418 boards documents
2022-10-08 16:52:10,922 [INFO] ApiDb:276 - Save user favorites file C:\Users\Hong Phat/.stm32cubeide/favorites.boards.txt: 0 item(s)
2022-10-08 16:52:10,923 [INFO] ApiDb:280 - User favorites Boards=[]
2022-10-08 16:52:10,927 [INFO] DbBoardsPdsc:90 - Found 25 items
2022-10-08 16:52:10,930 [INFO] DbBoardsPdsc:90 - Found 9 items
2022-10-08 16:52:10,936 [INFO] DbBoardsPdsc:90 - Found 33 items
2022-10-08 16:52:10,939 [INFO] DbBoardsPdsc:90 - Found 1 items
2022-10-08 16:52:10,945 [INFO] DbBoardsPdsc:90 - Found 48 items
2022-10-08 16:52:10,957 [INFO] DbBoardsPdsc:90 - Found 43 items
2022-10-08 16:52:10,960 [INFO] DbBoardsPdsc:90 - Found 2 items
2022-10-08 16:52:10,964 [INFO] DbBoardsPdsc:90 - Found 5 items
2022-10-08 16:52:10,969 [WARN] DbBoardsPdsc:254 - Board STM32H7B3I-DK: unknown feature type=Audio, name=, username=Audio stereo codec with Headphone Amp (CS42L51-CNZ), n=1
2022-10-08 16:52:10,970 [WARN] DbBoardsPdsc:254 - Board STM32H735G-DK: unknown feature type=Audio, name=, username=Audio stereo codec with Headphone Amp (WM8994ECS/R), n=1
2022-10-08 16:52:10,972 [WARN] DbBoardsPdsc:254 - Board STM32H7B3I-EVAL: unknown feature type=Audio, name=, username=Multi-Channel Audio Codec (CS42L51-CNZ), n=1
2022-10-08 16:52:10,972 [WARN] DbBoardsPdsc:254 - Board STM32H7B3I-EVAL: unknown feature type=Meter, name=, username=Power-metering and Temperature-monitoring with sigma-delta modulators, n=1
2022-10-08 16:52:10,972 [WARN] DbBoardsPdsc:254 - Board STM32H7B3I-EVAL: unknown feature type=Motor, name=, username=Motor Control, n=1
2022-10-08 16:52:10,973 [WARN] DbBoardsPdsc:254 - Board STM32U575I-EV: unknown feature type=joystick, name=, username=4-direction joystick with selection button, n=1
2022-10-08 16:52:11,023 [INFO] DbBoardsJson:86 - JSON generation date=Tue Nov 16 23:17:54 ICT 2021 (1637079474)
2022-10-08 16:52:11,030 [INFO] DbBoards:117 - Found 167 boards (163 are supported by CubeMX)
2022-10-08 16:52:11,030 [WARN] DbBoards:127 - board B-L475E-IOT01A2 has no document id list !
2022-10-08 16:52:11,032 [WARN] DbBoards:127 - board NUCLEO-H743ZI has no document id list !
2022-10-08 16:52:11,032 [WARN] DbBoards:127 - board NUCLEO-WL55JC2 has no document id list !
2022-10-08 16:52:11,033 [WARN] DbBoards:127 - board P-NUCLEO-WB55-Nucleo has no document id list !
2022-10-08 16:52:11,033 [WARN] DbBoards:127 - board P-NUCLEO-WB55-USBDongle has no document id list !
2022-10-08 16:52:11,033 [WARN] DbBoards:127 - board STEVAL-BFA001V1B has no document id list !
2022-10-08 16:52:11,033 [WARN] DbBoards:127 - board STEVAL-BFA001V2B has no document id list !
2022-10-08 16:52:11,033 [WARN] DbBoards:127 - board STEVAL-IDP005V1 has no document id list !
2022-10-08 16:52:11,033 [WARN] DbBoards:127 - board STEVAL-IDP005V2 has no document id list !
2022-10-08 16:52:11,033 [WARN] DbBoards:127 - board STEVAL-MKSBOX1V1 has no document id list !
2022-10-08 16:52:11,033 [WARN] DbBoards:127 - board STEVAL-STWINKT1 has no document id list !
2022-10-08 16:52:11,033 [WARN] DbBoards:127 - board STEVAL-STWINKT1B has no document id list !
2022-10-08 16:52:11,034 [WARN] DbBoards:127 - board STM32439I-EVAL2 has no document id list !
2022-10-08 16:52:11,034 [WARN] DbBoards:127 - board STM32F401C-DISCO has no document id list !
2022-10-08 16:52:11,034 [WARN] DbBoards:127 - board STM32F769I-DISC1 has no document id list !
2022-10-08 16:52:11,034 [WARN] DbBoards:127 - board STM32G474E-EVAL1 has no document id list !
2022-10-08 16:52:11,034 [WARN] DbBoards:127 - board STM32H743I-EVAL2 has no document id list !
2022-10-08 16:52:11,035 [WARN] DbBoards:127 - board STM32H747I-DISC1 has no document id list !
2022-10-08 16:52:11,035 [WARN] DbBoards:127 - board STM32H753I-EVAL2 has no document id list !
2022-10-08 16:52:11,035 [WARN] DbBoards:127 - board STM32L-DISCOVERY has no document id list !
2022-10-08 16:52:11,173 [ERROR] DbBoards:189 - Image file not found for board B-U585I-IOT02A: C:\ST\STM32CubeIDE_1.7.0\STM32CubeIDE\plugins\com.st.stm32cube.common.mx_6.3.0.202107141111\\db\/plugins/mcufinder/images/boards/B-U585I-IOT02A_small.jpg
2022-10-08 16:52:11,346 [ERROR] DbBoards:189 - Image file not found for board NUCLEO-F413ZH: C:\ST\STM32CubeIDE_1.7.0\STM32CubeIDE\plugins\com.st.stm32cube.common.mx_6.3.0.202107141111\\db\/plugins/mcufinder/images/boards/nucleo-f413zh_small.jpg
2022-10-08 16:52:11,696 [ERROR] DbBoards:189 - Image file not found for board NUCLEO-L552ZE-Q: C:\ST\STM32CubeIDE_1.7.0\STM32CubeIDE\plugins\com.st.stm32cube.common.mx_6.3.0.202107141111\\db\/plugins/mcufinder/images/boards/nucleo_l552ze_q_small.jpg
2022-10-08 16:52:11,697 [ERROR] DbBoards:189 - Image file not found for board NUCLEO-U575ZI-Q: C:\ST\STM32CubeIDE_1.7.0\STM32CubeIDE\plugins\com.st.stm32cube.common.mx_6.3.0.202107141111\\db\/plugins/mcufinder/images/boards/nucleo-u575zi-q_small.jpg
2022-10-08 16:52:11,697 [ERROR] DbBoards:189 - Image file not found for board NUCLEO-WB15CC: C:\ST\STM32CubeIDE_1.7.0\STM32CubeIDE\plugins\com.st.stm32cube.common.mx_6.3.0.202107141111\\db\/plugins/mcufinder/images/boards/nucleo-wb15cc_small.jpg
2022-10-08 16:52:11,697 [ERROR] DbBoards:189 - Image file not found for board NUCLEO-WB55RG: C:\ST\STM32CubeIDE_1.7.0\STM32CubeIDE\plugins\com.st.stm32cube.common.mx_6.3.0.202107141111\\db\/plugins/mcufinder/images/boards/nucleo-wb55rg_small.jpg
2022-10-08 16:52:13,062 [INFO] ApiDb:251 - Load user favorites file C:\Users\Hong Phat/.stm32cubeide/favorites.boards.txt: 0 item(s)
2022-10-08 16:52:13,062 [INFO] ApiDb:255 - User favorites Boards=[]
2022-10-08 16:52:13,062 [INFO] DbBoards:206 - Set 0 / 0 favorites Boards
2022-10-08 16:52:13,089 [INFO] LoadUrlFilesThread:172 - End of LoadServerUrlFiles without Thread
2022-10-08 16:52:13,089 [INFO] TargetSelectorAdapter:224 - Refresh data is successful
2022-10-08 16:52:13,379 [INFO] ApiDb:479 - Connected to CubeFinder SQLite database (C:\Users\Hong Phat\.stmcufinder\plugins\mcufinder\mcu\cube-finder-db.db)
2022-10-08 16:52:15,025 [INFO] DbExamplesSqlite:411 - Ignored 31 examples not supported by CubeIDE
2022-10-08 16:52:15,026 [INFO] DbExamplesSqlite:412 - Found 6197 examples active
2022-10-08 16:52:15,026 [INFO] DbExamplesSqlite:413 - Found 89 examples obsolete
2022-10-08 16:52:15,026 [INFO] DbExamplesSqlite:414 - Found 0 examples under development
2022-10-08 16:52:15,026 [INFO] DbExamplesSqlite:415 - Found 76 examples not building
2022-10-08 16:52:15,079 [INFO] DbExamplesSqlite:108 - CubeFinder database Data Model version=2.1
2022-10-08 16:52:15,079 [INFO] DbExamplesSqlite:109 - CubeFinder database Configuration version=3.0.32
2022-10-08 16:52:15,079 [INFO] DbExamplesSqlite:110 - CubeFinder database generation date=2022-08-05 (1659688109)
2022-10-08 16:52:15,079 [INFO] DbExamplesSqlite:111 - CubeFinder database FW Pack versions=[STM32Cube_FW_C0_V1.0.0, STM32Cube_FW_F4_V1.27.1, STM32Cube_FW_F7_V1.17.0, STM32Cube_FW_G0_V1.6.1, STM32Cube_FW_G4_V1.5.0, STM32Cube_FW_H7_V1.10.0, STM32Cube_FW_L5_V1.4.0, STM32Cube_FW_U5_V1.1.1, STM32Cube_FW_WB_V1.14.1, STM32Cube_FW_WL_V1.2.0, X-CUBE-ALGOBUILD_V1.3.0, X-CUBE-ALS_V1.0.1, X-CUBE-AZRTOS-F4_V1.1.0, X-CUBE-AZRTOS-F7_V1.1.0, X-CUBE-AZRTOS-G0_V1.1.0, X-CUBE-AZRTOS-G4_V1.0.0, X-CUBE-AZRTOS-H7_V2.1.0, X-CUBE-AZRTOS-L4_V1.0.0, X-CUBE-AZRTOS-L5_V1.0.0, X-CUBE-AZRTOS-WL_V1.0.0, X-CUBE-BLE1_V6.2.3, X-CUBE-BLE2_V3.3.0, X-CUBE-EEPRMA1_V3.1.1, X-CUBE-GNSS1_V6.0.0, X-CUBE-MEMS1_V9.1.0, X-CUBE-MEMS1_V9.3.0, X-CUBE-NFC4_V2.0.4, X-CUBE-NFC7_V1.0.0, X-CUBE-SFXS2LP1_V4.0.0, X-CUBE-SUBG2_V5.0.0]
2022-10-08 16:52:15,080 [INFO] DbExamples:130 - Found 6242 examples
2022-10-08 16:52:16,207 [ERROR] DbExamples:206 - Found 6242 examples with invalid data (board or MCU)
2022-10-08 16:52:16,207 [INFO] DbExamples:222 - Found 74 boards with related examples
2022-10-08 16:52:16,208 [INFO] DbExamples:235 - Found 0 MCUs with related examples
2022-10-08 16:52:16,232 [INFO] ApiDb:242 - User favorites file not found: C:\Users\Hong Phat/.stm32cubeide/favorites.examples.txt
2022-10-08 16:52:16,233 [INFO] DbExamples:256 - Set 0 / 0 favorites Examples
2022-10-08 16:52:16,623 [INFO] McuFinderGlobals:52 - Set McuFinderConnectedMode to false
2022-10-08 16:52:16,784 [INFO] CrossSelectorPresenter:1330 - Cross Selector saved comparison directory: C:\Users\Hong Phat\.stmcufinder\plugins\mcufinder\mcu\cs_comparisons_mx
2022-10-08 16:52:16,791 [INFO] MultiScanPanel:197 - Auto-refresh data requested => check proxy status ongoing
2022-10-08 16:52:16,791 [INFO] MultiScanPanel:201 - Proxy status is invalid
2022-10-08 16:52:16,793 [INFO] FinderPluginLoader:87 - Searching for filters in installed packs
2022-10-08 16:52:17,349 [INFO] DetailPanel:309 - Set advertising image to C:/Users/Hong Phat/STM32Cube/Repository/\en.Prom_NBSTM32U50921.jpg
2022-10-08 16:52:47,280 [INFO] MainUpdater:2671 - connection check result : 10
2022-10-08 16:52:47,280 [INFO] MainUpdater:2671 - connection check result : 10
2022-10-08 16:52:47,325 [INFO] MicroXplorer:448 - Change Database Path : 
2022-10-08 16:52:47,325 [INFO] MicroXplorer:478 - Change Database Version : DB.6.0.30
2022-10-08 16:52:47,326 [WARN] ThirdParty:813 - waiting for thirdparty lock release [close project]
2022-10-08 16:52:47,326 [INFO] ThirdParty:815 - entering critical section [close project]
2022-10-08 16:52:47,327 [INFO] ThirdParty:825 - exiting critical section [close project]
2022-10-08 16:52:47,331 [INFO] PinOutPanel:1463 - setPackage(No Configuration,No Configuration)
2022-10-08 16:52:47,332 [INFO] UtilMem:74 - Begin LoadConfig() Used Memory: 576208368 Bytes (660602880)
2022-10-08 16:52:47,349 [INFO] MicroXplorer:448 - Change Database Path : 
2022-10-08 16:52:47,349 [INFO] MicroXplorer:478 - Change Database Version : DB.6.0.30
2022-10-08 16:52:47,349 [INFO] OpenFileManager:313 - Change cursor
2022-10-08 16:52:48,623 [INFO] Context:592 - Trying to add GPIOservice into a context  which must be forbidden
2022-10-08 16:52:49,008 [INFO] ImportTextPane:167 - (OptionalMessage_ERROR) Unable to find key (Mcu.ThirdPartyNb) in loaded IOC file
2022-10-08 16:52:49,008 [INFO] ImportTextPane:167 - (OptionalMessage_ERROR) Unable to find key (Mcu.PinsNb) in loaded IOC file
2022-10-08 16:52:49,008 [INFO] ImportTextPane:167 - (OptionalMessage_ERROR) Unable to find key (Mcu.IPNb) in loaded IOC file
2022-10-08 16:52:49,086 [WARN] ApiManager:304 - Cannot register API 'Board Extension:GNSS1A1' from pack STMicroelectronics.X-CUBE-GNSS1.6.0.0: no header file found
2022-10-08 16:52:49,086 [WARN] ApiManager:304 - Cannot register API 'Board Support:Custom' from pack STMicroelectronics.X-CUBE-GNSS1.6.0.0: no header file found
2022-10-08 16:52:49,086 [WARN] ApiManager:304 - Cannot register API 'Data Exchange:lib_gnss' from pack STMicroelectronics.X-CUBE-GNSS1.6.0.0: no header file found
2022-10-08 16:52:49,101 [WARN] ModelIntegratedComponent:60 - No mode defined for component null
2022-10-08 16:52:49,101 [WARN] ModelIntegratedComponent:60 - No mode defined for component null
2022-10-08 16:52:49,101 [WARN] ModelIntegratedComponent:60 - No mode defined for component null
2022-10-08 16:52:49,101 [WARN] ModelIntegratedComponent:60 - No mode defined for component null
2022-10-08 16:52:49,101 [WARN] ModelIntegratedComponent:60 - No mode defined for component null
2022-10-08 16:52:49,102 [WARN] ModelIntegratedComponent:60 - No mode defined for component null
2022-10-08 16:52:49,102 [WARN] ModelIntegratedComponent:60 - No mode defined for component null
2022-10-08 16:52:49,102 [WARN] ModelIntegratedComponent:60 - No mode defined for component null
2022-10-08 16:52:49,102 [WARN] ModelIntegratedComponent:60 - No mode defined for component null
2022-10-08 16:52:49,102 [WARN] ModelIntegratedComponent:60 - No mode defined for component null
2022-10-08 16:52:49,102 [WARN] ModelIntegratedComponent:60 - No mode defined for component null
2022-10-08 16:52:49,102 [WARN] ModelIntegratedComponent:60 - No mode defined for component null
2022-10-08 16:52:49,103 [WARN] ModelIntegratedComponent:60 - No mode defined for component null
2022-10-08 16:52:49,103 [WARN] ModelIntegratedComponent:60 - No mode defined for component null
2022-10-08 16:52:49,103 [WARN] ModelIntegratedComponent:60 - No mode defined for component null
2022-10-08 16:52:49,103 [WARN] ModelIntegratedComponent:60 - No mode defined for component null
2022-10-08 16:52:49,103 [WARN] ModelIntegratedComponent:60 - No mode defined for component null
2022-10-08 16:52:49,103 [WARN] ModelIntegratedComponent:60 - No mode defined for component null
2022-10-08 16:52:49,103 [WARN] ModelIntegratedComponent:60 - No mode defined for component null
2022-10-08 16:52:49,103 [WARN] ModelIntegratedComponent:60 - No mode defined for component null
2022-10-08 16:52:49,103 [WARN] ModelIntegratedComponent:60 - No mode defined for component null
2022-10-08 16:52:49,104 [WARN] ModelIntegratedComponent:60 - No mode defined for component null
2022-10-08 16:52:49,104 [WARN] ModelIntegratedComponent:60 - No mode defined for component null
2022-10-08 16:52:49,104 [WARN] ModelIntegratedComponent:60 - No mode defined for component null
2022-10-08 16:52:49,104 [WARN] ModelIntegratedComponent:60 - No mode defined for component null
2022-10-08 16:52:49,104 [WARN] ModelIntegratedComponent:60 - No mode defined for component null
2022-10-08 16:52:49,104 [WARN] ModelIntegratedComponent:60 - No mode defined for component null
2022-10-08 16:52:49,104 [WARN] ModelIntegratedComponent:60 - No mode defined for component null
2022-10-08 16:52:49,104 [WARN] ModelIntegratedComponent:60 - No mode defined for component null
2022-10-08 16:52:49,104 [WARN] ModelIntegratedComponent:60 - No mode defined for component null
2022-10-08 16:52:49,105 [WARN] ModelIntegratedComponent:60 - No mode defined for component null
2022-10-08 16:52:49,107 [WARN] ApiManager:304 - Cannot register API 'Board Extension:NFC07A1' from pack STMicroelectronics.X-CUBE-NFC7.1.0.0: no header file found
2022-10-08 16:52:49,331 [WARN] ApiManager:304 - Cannot register API 'Board Extension:IKS01A3' from pack STMicroelectronics.X-CUBE-MEMS1.9.3.0: no header file found
2022-10-08 16:52:49,332 [WARN] ApiManager:304 - Cannot register API 'Board Extension:IKS01A2' from pack STMicroelectronics.X-CUBE-MEMS1.9.3.0: no header file found
2022-10-08 16:52:49,332 [WARN] ApiManager:304 - Cannot register API 'Board Extension:IKS02A1' from pack STMicroelectronics.X-CUBE-MEMS1.9.3.0: no header file found
2022-10-08 16:52:49,350 [WARN] ApiManager:304 - Cannot register API 'Wireless:BlueNRG-MS' from pack STMicroelectronics.X-CUBE-BLE1.6.2.3: no header file found
2022-10-08 16:52:49,354 [INFO] RtosManager:484 - Registered RTOS mode: class=CMSIS, group=RTOS, mode=CMSIS_V1, owner=FREERTOS
2022-10-08 16:52:49,355 [INFO] RtosManager:484 - Registered RTOS mode: class=CMSIS, group=RTOS2, mode=CMSIS_V2, owner=FREERTOS
2022-10-08 16:52:49,355 [INFO] RtosManager:484 - Registered RTOS mode: class=RTOS, group=Core, mode=CMSIS_V1, owner=FREERTOS
2022-10-08 16:52:49,355 [INFO] RtosManager:484 - Registered RTOS mode: class=RTOS, group=Core, mode=CMSIS_V2, owner=FREERTOS
2022-10-08 16:52:49,355 [WARN] ModelIntegratedComponent:181 - Missing modes for component STMicroelectronics:FreeRTOS:0.0.1:STMicroelectronics:RTOS:FreeRTOS:Core:::10.2.0:
2022-10-08 16:52:49,359 [WARN] ApiManager:304 - Cannot register API 'Board Extension:S2868A1' from pack STMicroelectronics.X-CUBE-SUBG2.5.0.0: no header file found
2022-10-08 16:52:49,359 [WARN] ApiManager:304 - Cannot register API 'Board Extension:S2868A2' from pack STMicroelectronics.X-CUBE-SUBG2.5.0.0: no header file found
2022-10-08 16:52:49,360 [WARN] ApiManager:304 - Cannot register API 'Board Extension:S2915A1' from pack STMicroelectronics.X-CUBE-SUBG2.5.0.0: no header file found
2022-10-08 16:52:49,363 [WARN] ApiManager:304 - Cannot register API 'Board Extension:EEPRMA1' from pack STMicroelectronics.X-CUBE-EEPRMA1.3.1.1: no header file found
2022-10-08 16:52:49,364 [WARN] ApiManager:304 - Cannot register API 'Board Extension:EEPRMA2' from pack STMicroelectronics.X-CUBE-EEPRMA1.3.1.1: no header file found
2022-10-08 16:52:49,365 [WARN] ApiManager:304 - Cannot register API 'Board Extension:S2868A1' from pack STMicroelectronics.X-CUBE-SFXS2LP1.4.0.0: no header file found
2022-10-08 16:52:49,365 [WARN] ApiManager:304 - Cannot register API 'Board Extension:S2868A2' from pack STMicroelectronics.X-CUBE-SFXS2LP1.4.0.0: no header file found
2022-10-08 16:52:49,365 [WARN] ApiManager:304 - Cannot register API 'Board Extension:S2915A1' from pack STMicroelectronics.X-CUBE-SFXS2LP1.4.0.0: no header file found
2022-10-08 16:52:49,365 [WARN] ApiManager:304 - Cannot register API 'Wireless:BlueNRG-2' from pack STMicroelectronics.X-CUBE-BLE2.3.3.0: no header file found
2022-10-08 16:52:49,366 [WARN] ApiManager:304 - Cannot register API 'Board Extension:NFC04A1' from pack STMicroelectronics.X-CUBE-NFC4.2.0.4: no header file found
2022-10-08 16:52:51,428 [INFO] UtilMem:74 - End LoadConfig() Used Memory: 547065448 Bytes (660602880)
2022-10-08 16:52:51,437 [WARN] ThirdParty:779 - waiting for thirdparty lock release [change project]
2022-10-08 16:52:51,437 [INFO] ThirdParty:781 - entering critical section [change project]
2022-10-08 16:52:51,437 [INFO] ThirdParty:967 - CMSIS Pack Vendor :STMicroelectronics FP-ATR-ASTRA1 1.1.0
2022-10-08 16:52:51,437 [INFO] ThirdParty:967 - CMSIS Pack Vendor :RoweBots I-CUBE-UNISONRTOS 5.5.0-4
2022-10-08 16:52:51,438 [INFO] ThirdParty:967 - CMSIS Pack Vendor :STMicroelectronics X-CUBE-GNSS1 6.0.0
2022-10-08 16:52:51,438 [INFO] ThirdParty:967 - CMSIS Pack Vendor :STMicroelectronics X-CUBE-AZRTOS-H7 2.1.0
2022-10-08 16:52:51,438 [INFO] ThirdParty:967 - CMSIS Pack Vendor :STMicroelectronics USB_HOST 2.0.0
2022-10-08 16:52:51,438 [INFO] ThirdParty:967 - CMSIS Pack Vendor :STMicroelectronics X-CUBE-AZRTOS-F4 1.1.0
2022-10-08 16:52:51,438 [INFO] ThirdParty:967 - CMSIS Pack Vendor :STMicroelectronics X-CUBE-AZRTOS-G4 1.0.0
2022-10-08 16:52:51,438 [INFO] ThirdParty:967 - CMSIS Pack Vendor :wolfSSL I-CUBE-wolfSSL 5.4.0
2022-10-08 16:52:51,438 [INFO] ThirdParty:967 - CMSIS Pack Vendor :STMicroelectronics X-CUBE-AZRTOS-L4 1.0.0
2022-10-08 16:52:51,439 [INFO] ThirdParty:967 - CMSIS Pack Vendor :STMicroelectronics USB_DEVICE 3.0.0
2022-10-08 16:52:51,439 [INFO] ThirdParty:967 - CMSIS Pack Vendor :STMicroelectronics HAL Drivers 0.0.0
2022-10-08 16:52:51,439 [INFO] ThirdParty:967 - CMSIS Pack Vendor :STMicroelectronics MBEDTLS 2.16.2
2022-10-08 16:52:51,439 [INFO] ThirdParty:967 - CMSIS Pack Vendor :emotas I-CUBE-CANOPEN 1.1.2
2022-10-08 16:52:51,439 [INFO] ThirdParty:967 - CMSIS Pack Vendor :STMicroelectronics X-CUBE-TOUCHGFX 4.20.0
2022-10-08 16:52:51,439 [INFO] ThirdParty:967 - CMSIS Pack Vendor :STMicroelectronics MBEDTLS 2.14.1
2022-10-08 16:52:51,439 [INFO] ThirdParty:967 - CMSIS Pack Vendor :STMicroelectronics X-CUBE-NFC7 1.0.0
2022-10-08 16:52:51,439 [INFO] ThirdParty:967 - CMSIS Pack Vendor :STMicroelectronics X-CUBE-BLEMGR 1.0.0
2022-10-08 16:52:51,440 [INFO] ThirdParty:967 - CMSIS Pack Vendor :STMicroelectronics X-CUBE-AZRTOS-WL 1.0.0
2022-10-08 16:52:51,440 [INFO] ThirdParty:967 - CMSIS Pack Vendor :STMicroelectronics X-CUBE-AZRTOS-F7 1.1.0
2022-10-08 16:52:51,440 [INFO] ThirdParty:967 - CMSIS Pack Vendor :STMicroelectronics X-CUBE-MEMS1 9.3.0
2022-10-08 16:52:51,440 [INFO] ThirdParty:967 - CMSIS Pack Vendor :portGmbH I-Cube-SoM-uGOAL 1.1.0
2022-10-08 16:52:51,440 [INFO] ThirdParty:967 - CMSIS Pack Vendor :STMicroelectronics X-CUBE-ALS 1.0.1
2022-10-08 16:52:51,440 [INFO] ThirdParty:967 - CMSIS Pack Vendor :STMicroelectronics USB_DEVICE 2.0.0
2022-10-08 16:52:51,440 [INFO] ThirdParty:967 - CMSIS Pack Vendor :STMicroelectronics X-CUBE-AI 7.2.0
2022-10-08 16:52:51,440 [INFO] ThirdParty:967 - CMSIS Pack Vendor :STMicroelectronics X-CUBE-BLE1 6.2.3
2022-10-08 16:52:51,441 [INFO] ThirdParty:967 - CMSIS Pack Vendor :STMicroelectronics X-CUBE-ALGOBUILD 1.3.0
2022-10-08 16:52:51,441 [INFO] ThirdParty:967 - CMSIS Pack Vendor :STMicroelectronics X-CUBE-AZRTOS-L5 1.0.0
2022-10-08 16:52:51,441 [INFO] ThirdParty:967 - CMSIS Pack Vendor :STMicroelectronics FreeRTOS 0.0.1
2022-10-08 16:52:51,441 [INFO] ThirdParty:967 - CMSIS Pack Vendor :STMicroelectronics X-CUBE-AZRTOS-G0 1.1.0
2022-10-08 16:52:51,441 [INFO] ThirdParty:967 - CMSIS Pack Vendor :STMicroelectronics USB_DEVICE 1.0.0
2022-10-08 16:52:51,441 [INFO] ThirdParty:967 - CMSIS Pack Vendor :STMicroelectronics X-CUBE-SUBG2 5.0.0
2022-10-08 16:52:51,441 [INFO] ThirdParty:967 - CMSIS Pack Vendor :SEGGER I-CUBE-embOS 1.2.0
2022-10-08 16:52:51,441 [INFO] ThirdParty:967 - CMSIS Pack Vendor :STMicroelectronics X-CUBE-EEPRMA1 3.1.1
2022-10-08 16:52:51,442 [INFO] ThirdParty:967 - CMSIS Pack Vendor :STMicroelectronics ThreadX 0.0.2
2022-10-08 16:52:51,442 [INFO] ThirdParty:967 - CMSIS Pack Vendor :STMicroelectronics lwIP 2.0.3
2022-10-08 16:52:51,442 [INFO] ThirdParty:967 - CMSIS Pack Vendor :STMicroelectronics lwIP 2.1.2
2022-10-08 16:52:51,442 [INFO] ThirdParty:967 - CMSIS Pack Vendor :STMicroelectronics X-CUBE-SFXS2LP1 4.0.0
2022-10-08 16:52:51,442 [INFO] ThirdParty:967 - CMSIS Pack Vendor :STMicroelectronics X-CUBE-BLE2 3.3.0
2022-10-08 16:52:51,442 [INFO] ThirdParty:967 - CMSIS Pack Vendor :STMicroelectronics X-CUBE-NFC4 2.0.4
2022-10-08 16:52:51,442 [INFO] ThirdParty:967 - CMSIS Pack Vendor :STMicroelectronics USB_HOST 1.0.0
2022-10-08 16:52:51,443 [INFO] ThirdParty:967 - CMSIS Pack Vendor :STMicroelectronics X-CUBE-DISPLAY 2.2.0
2022-10-08 16:52:51,443 [INFO] ThirdParty:967 - CMSIS Pack Vendor :STMicroelectronics PDM2PCM 3.1.0
2022-10-08 16:52:51,443 [INFO] ThirdParty:967 - CMSIS Pack Vendor :STMicroelectronics FP-ATR-ASTRA1 1.1.1
2022-10-08 16:52:51,443 [INFO] ThirdParty:967 - CMSIS Pack Vendor :STMicroelectronics PDM2PCM 3.2.0
2022-10-08 16:52:51,443 [INFO] ThirdParty:967 - CMSIS Pack Vendor :STMicroelectronics PDM2PCM 3.3.0
2022-10-08 16:52:51,443 [INFO] ThirdParty:967 - CMSIS Pack Vendor :STMicroelectronics X-CUBE-TOF1 3.1.0
2022-10-08 16:52:51,443 [INFO] ThirdParty:967 - CMSIS Pack Vendor :STMicroelectronics X-CUBE-ISPU 1.0.0
2022-10-08 16:52:51,444 [INFO] ThirdParty:787 - exiting critical section [change project]
2022-10-08 16:52:51,838 [INFO] PinOutPanel:1463 - setPackage(No Configuration,No Configuration)
2022-10-08 16:52:51,840 [INFO] PinOutPanel:1463 - setPackage(STM32F103C6Ux,UFQFPN48)
2022-10-08 16:52:52,471 [INFO] UtilMem:74 - Before build in PCC Used Memory: 564553600 Bytes (660602880)
2022-10-08 16:52:53,544 [INFO] UtilMem:74 - After build in PCC Used Memory: 583127880 Bytes (660602880)
2022-10-08 16:52:53,574 [INFO] IPUIPlugin:74 - create IPUIPlugin
2022-10-08 16:52:53,574 [INFO] IPUIPlugin:74 - create IPUIPlugin
2022-10-08 16:52:53,574 [INFO] IPUIPlugin:74 - create IPUIPlugin
2022-10-08 16:52:53,574 [INFO] IPUIPlugin:74 - create IPUIPlugin
2022-10-08 16:52:53,575 [INFO] IPUIPlugin:74 - create IPUIPlugin
2022-10-08 16:52:53,575 [INFO] IPUIPlugin:74 - create IPUIPlugin
2022-10-08 16:52:53,575 [INFO] IPUIPlugin:74 - create IPUIPlugin
2022-10-08 16:52:53,575 [INFO] IPUIPlugin:74 - create IPUIPlugin
2022-10-08 16:52:53,576 [INFO] IPUIPlugin:74 - create IPUIPlugin
2022-10-08 16:52:53,576 [INFO] IPUIPlugin:74 - create IPUIPlugin
2022-10-08 16:52:53,576 [INFO] IPUIPlugin:74 - create IPUIPlugin
2022-10-08 16:52:53,577 [INFO] IPUIPlugin:74 - create IPUIPlugin
2022-10-08 16:52:53,577 [INFO] IPUIPlugin:74 - create IPUIPlugin
2022-10-08 16:52:53,578 [INFO] IPUIPlugin:74 - create IPUIPlugin
2022-10-08 16:52:53,578 [INFO] IPUIPlugin:74 - create IPUIPlugin
2022-10-08 16:52:53,588 [INFO] IPUIPlugin:74 - create IPUIPlugin
2022-10-08 16:52:53,589 [INFO] IPUIPlugin:74 - create IPUIPlugin
2022-10-08 16:52:53,590 [INFO] IPUIPlugin:74 - create IPUIPlugin
2022-10-08 16:52:53,590 [INFO] IPUIPlugin:74 - create IPUIPlugin
2022-10-08 16:52:53,591 [INFO] IPUIPlugin:74 - create IPUIPlugin
2022-10-08 16:52:53,591 [INFO] IPUIPlugin:74 - create IPUIPlugin
2022-10-08 16:52:53,592 [INFO] IPUIPlugin:74 - create IPUIPlugin
2022-10-08 16:52:53,592 [INFO] IPUIPlugin:74 - create IPUIPlugin
2022-10-08 16:52:53,831 [INFO] OpenFileManager:333 - Restore cursor
2022-10-08 16:52:54,243 [INFO] UtilMem:74 - End SaveConfig() Used Memory: 584498656 Bytes (660602880)
2022-10-08 16:52:54,335 [INFO] UtilMem:74 - End SaveConfig() Used Memory: 596560800 Bytes (660602880)
2022-10-08 16:52:54,817 [INFO] BlockDiagram:2740 - set Specific Code input for plugin: NVIC
2022-10-08 16:52:54,818 [INFO] BlockDiagram:2740 - set Specific Code input for plugin: SYS
2022-10-08 16:52:54,818 [INFO] BlockDiagram:2740 - set Specific Code input for plugin: RCC
2022-10-08 16:52:54,820 [INFO] CodeGenerator:663 - code generatio: config db path: C:\ST\STM32CubeIDE_1.7.0\STM32CubeIDE\plugins\com.st.stm32cube.common.mx_6.3.0.202107141111\\db\
2022-10-08 16:52:55,283 [INFO] CodeEngine:239 - oldGeneratedFile, C:\Users\Hong Phat\Desktop\LAB1_final\lab1\MXTmpFiles\license.tmp_save
2022-10-08 16:52:55,732 [INFO] CodeEngine:257 - Generated code: C:\Users\Hong Phat\Desktop\LAB1_final\lab1\MXTmpFiles\license.tmp
2022-10-08 16:52:55,884 [INFO] CodeEngine:239 - oldGeneratedFile, C:\Users\Hong Phat\Desktop\LAB1_final\lab1\Core\Src\stm32f1xx_it.c_save
2022-10-08 16:52:56,041 [INFO] CodeEngine:257 - Generated code: C:\Users\Hong Phat\Desktop\LAB1_final\lab1\Core\Src\stm32f1xx_it.c
2022-10-08 16:52:56,052 [INFO] CodeEngine:239 - oldGeneratedFile, C:\Users\Hong Phat\Desktop\LAB1_final\lab1\Core\Inc\stm32f1xx_it.h_save
2022-10-08 16:52:56,174 [INFO] CodeEngine:257 - Generated code: C:\Users\Hong Phat\Desktop\LAB1_final\lab1\Core\Inc\stm32f1xx_it.h
2022-10-08 16:52:56,215 [INFO] CodeEngine:239 - oldGeneratedFile, C:\Users\Hong Phat\Desktop\LAB1_final\lab1\Core\Src\stm32f1xx_hal_msp.c_save
2022-10-08 16:52:56,416 [INFO] CodeEngine:257 - Generated code: C:\Users\Hong Phat\Desktop\LAB1_final\lab1\Core\Src\stm32f1xx_hal_msp.c
2022-10-08 16:52:56,434 [INFO] CodeEngine:239 - oldGeneratedFile, C:\Users\Hong Phat\Desktop\LAB1_final\lab1\MXTmpFiles\system.tmp_save
2022-10-08 16:52:56,542 [INFO] CodeEngine:257 - Generated code: C:\Users\Hong Phat\Desktop\LAB1_final\lab1\MXTmpFiles\system.tmp
2022-10-08 16:52:56,569 [INFO] CodeEngine:239 - oldGeneratedFile, C:\Users\Hong Phat\Desktop\LAB1_final\lab1\Core\Inc\stm32f1xx_hal_conf.h_save
2022-10-08 16:52:56,707 [INFO] CodeEngine:257 - Generated code: C:\Users\Hong Phat\Desktop\LAB1_final\lab1\Core\Inc\stm32f1xx_hal_conf.h
2022-10-08 16:52:56,779 [INFO] CodeEngine:239 - oldGeneratedFile, C:\Users\Hong Phat\Desktop\LAB1_final\lab1\Core\Inc\main.h_save
2022-10-08 16:52:56,916 [INFO] CodeEngine:257 - Generated code: C:\Users\Hong Phat\Desktop\LAB1_final\lab1\Core\Inc\main.h
2022-10-08 16:52:56,937 [INFO] CodeEngine:239 - oldGeneratedFile, C:\Users\Hong Phat\Desktop\LAB1_final\lab1\Core\Src\main.c_save
2022-10-08 16:52:57,168 [INFO] CodeEngine:257 - Generated code: C:\Users\Hong Phat\Desktop\LAB1_final\lab1\Core\Src\main.c
2022-10-08 16:52:59,123 [INFO] ProjectBuilder:2578 - Time for Copy HAL[1] : 453mS.
2022-10-08 16:52:59,134 [INFO] ProjectBuilder:3622 - Project Generator version: 3.14.1
2022-10-08 16:53:00,055 [INFO] ConfigFileManager:1271 - The Die is : DIE412
2022-10-08 16:53:00,108 [INFO] ApiDbMcu:468 - Load IP Config File for FATFS
2022-10-08 16:53:00,192 [INFO] ApiDbMcu:468 - Load IP Config File for FREERTOS
2022-10-08 16:53:00,243 [INFO] ApiDbMcu:468 - Load IP Config File for USB_DEVICE
2022-10-08 16:53:07,282 [INFO] ProjectBuilder:3789 - Time for Generating toolchain IDE Files: 8148mS.
2022-10-08 16:53:07,288 [INFO] ProjectBuilder:2457 - Time for Copy CMSIS : 4mS.
2022-10-08 16:53:07,293 [INFO] ProjectBuilder:2457 - Time for Copy CMSIS : 0mS.
2022-10-08 16:53:09,119 [INFO] McuFinderGlobals:52 - Set McuFinderConnectedMode to true
2022-10-08 16:53:09,122 [INFO] ApiDb:276 - Save user favorites file C:\Users\Hong Phat/.stm32cubeide/favorites.mcus.txt: 0 item(s)
2022-10-08 16:53:09,123 [INFO] ApiDb:280 - User favorites MCUs=[]
2022-10-08 16:55:27,818 [INFO] UtilMem:74 - End SaveConfig() Used Memory: 751937992 Bytes (939524096)
2022-10-08 16:55:28,739 [INFO] UtilMem:74 - End SaveConfig() Used Memory: 772357888 Bytes (939524096)
2022-10-08 16:55:31,327 [INFO] UtilMem:74 - End SaveConfig() Used Memory: 753168328 Bytes (939524096)
2022-10-08 16:55:31,630 [INFO] BlockDiagram:2740 - set Specific Code input for plugin: NVIC
2022-10-08 16:55:31,631 [INFO] BlockDiagram:2740 - set Specific Code input for plugin: SYS
2022-10-08 16:55:31,631 [INFO] BlockDiagram:2740 - set Specific Code input for plugin: GPIO
2022-10-08 16:55:31,631 [INFO] BlockDiagram:2740 - set Specific Code input for plugin: RCC
2022-10-08 16:55:31,632 [INFO] CodeGenerator:663 - code generatio: config db path: C:\ST\STM32CubeIDE_1.7.0\STM32CubeIDE\plugins\com.st.stm32cube.common.mx_6.3.0.202107141111\\db\
2022-10-08 16:55:31,862 [INFO] CodeEngine:239 - oldGeneratedFile, C:\Users\Hong Phat\Desktop\LAB1_final\lab1\MXTmpFiles\license.tmp_save
2022-10-08 16:55:31,949 [INFO] CodeEngine:257 - Generated code: C:\Users\Hong Phat\Desktop\LAB1_final\lab1\MXTmpFiles\license.tmp
2022-10-08 16:55:32,186 [INFO] CodeEngine:239 - oldGeneratedFile, C:\Users\Hong Phat\Desktop\LAB1_final\lab1\MXTmpFiles\gpio.tmp_save
2022-10-08 16:55:32,285 [INFO] CodeEngine:257 - Generated code: C:\Users\Hong Phat\Desktop\LAB1_final\lab1\MXTmpFiles\gpio.tmp
2022-10-08 16:55:32,471 [INFO] CodeEngine:239 - oldGeneratedFile, C:\Users\Hong Phat\Desktop\LAB1_final\lab1\Core\Src\stm32f1xx_it.c_save
2022-10-08 16:55:32,655 [INFO] CodeEngine:257 - Generated code: C:\Users\Hong Phat\Desktop\LAB1_final\lab1\Core\Src\stm32f1xx_it.c
2022-10-08 16:55:32,669 [INFO] CodeEngine:239 - oldGeneratedFile, C:\Users\Hong Phat\Desktop\LAB1_final\lab1\Core\Inc\stm32f1xx_it.h_save
2022-10-08 16:55:32,781 [INFO] CodeEngine:257 - Generated code: C:\Users\Hong Phat\Desktop\LAB1_final\lab1\Core\Inc\stm32f1xx_it.h
2022-10-08 16:55:32,875 [INFO] CodeEngine:239 - oldGeneratedFile, C:\Users\Hong Phat\Desktop\LAB1_final\lab1\Core\Src\stm32f1xx_hal_msp.c_save
2022-10-08 16:55:33,030 [INFO] CodeEngine:257 - Generated code: C:\Users\Hong Phat\Desktop\LAB1_final\lab1\Core\Src\stm32f1xx_hal_msp.c
2022-10-08 16:55:33,036 [INFO] CodeEngine:239 - oldGeneratedFile, C:\Users\Hong Phat\Desktop\LAB1_final\lab1\MXTmpFiles\system.tmp_save
2022-10-08 16:55:33,103 [INFO] CodeEngine:257 - Generated code: C:\Users\Hong Phat\Desktop\LAB1_final\lab1\MXTmpFiles\system.tmp
2022-10-08 16:55:33,130 [INFO] CodeEngine:239 - oldGeneratedFile, C:\Users\Hong Phat\Desktop\LAB1_final\lab1\Core\Inc\stm32f1xx_hal_conf.h_save
2022-10-08 16:55:33,242 [INFO] CodeEngine:257 - Generated code: C:\Users\Hong Phat\Desktop\LAB1_final\lab1\Core\Inc\stm32f1xx_hal_conf.h
2022-10-08 16:55:33,303 [INFO] CodeEngine:239 - oldGeneratedFile, C:\Users\Hong Phat\Desktop\LAB1_final\lab1\Core\Inc\main.h_save
2022-10-08 16:55:33,407 [INFO] CodeEngine:257 - Generated code: C:\Users\Hong Phat\Desktop\LAB1_final\lab1\Core\Inc\main.h
2022-10-08 16:55:33,422 [INFO] CodeEngine:239 - oldGeneratedFile, C:\Users\Hong Phat\Desktop\LAB1_final\lab1\Core\Src\main.c_save
2022-10-08 16:55:33,580 [INFO] CodeEngine:257 - Generated code: C:\Users\Hong Phat\Desktop\LAB1_final\lab1\Core\Src\main.c
2022-10-08 16:55:34,738 [INFO] ProjectBuilder:2578 - Time for Copy HAL[1] : 341mS.
2022-10-08 16:55:34,744 [INFO] ProjectBuilder:3622 - Project Generator version: 3.14.1
2022-10-08 16:55:35,458 [INFO] ConfigFileManager:1271 - The Die is : DIE412
2022-10-08 16:55:38,224 [INFO] ProjectBuilder:3789 - Time for Generating toolchain IDE Files: 3480mS.
2022-10-08 16:55:38,226 [INFO] ProjectBuilder:2457 - Time for Copy CMSIS : 1mS.
2022-10-08 16:55:38,234 [INFO] ProjectBuilder:2457 - Time for Copy CMSIS : 0mS.
